[2026-06-24T02:44:32.568+0000] {local_task_job_runner.py:123} INFO - ::group::Pre task execution logs
[2026-06-24T02:44:32.601+0000] {taskinstance.py:2614} INFO - Dependencies all met for dep_context=non-requeueable deps ti=<TaskInstance: pipeline_cripto.carga_warehouse manual__2026-06-24T02:44:23.717151+00:00 [queued]>
[2026-06-24T02:44:32.613+0000] {taskinstance.py:2614} INFO - Dependencies all met for dep_context=requeueable deps ti=<TaskInstance: pipeline_cripto.carga_warehouse manual__2026-06-24T02:44:23.717151+00:00 [queued]>
[2026-06-24T02:44:32.614+0000] {taskinstance.py:2867} INFO - Starting attempt 1 of 2
[2026-06-24T02:44:32.630+0000] {taskinstance.py:2890} INFO - Executing <Task(BashOperator): carga_warehouse> on 2026-06-24 02:44:23.717151+00:00
[2026-06-24T02:44:32.644+0000] {standard_task_runner.py:104} INFO - Running: ['***', 'tasks', 'run', 'pipeline_cripto', 'carga_warehouse', 'manual__2026-06-24T02:44:23.717151+00:00', '--job-id', '19', '--raw', '--subdir', 'DAGS_FOLDER/pipeline_cripto.py', '--cfg-path', '/tmp/tmpuqj2kkzd']
[2026-06-24T02:44:32.648+0000] {logging_mixin.py:190} WARNING - /home/***/.local/lib/python3.12/site-packages/***/task/task_runner/standard_task_runner.py:70 DeprecationWarning: This process (pid=447) is multi-threaded, use of fork() may lead to deadlocks in the child.
[2026-06-24T02:44:32.649+0000] {standard_task_runner.py:105} INFO - Job 19: Subtask carga_warehouse
[2026-06-24T02:44:32.653+0000] {standard_task_runner.py:72} INFO - Started process 448 to run task
[2026-06-24T02:44:32.766+0000] {task_command.py:467} INFO - Running <TaskInstance: pipeline_cripto.carga_warehouse manual__2026-06-24T02:44:23.717151+00:00 [running]> on host 98598316bb81
[2026-06-24T02:44:32.907+0000] {taskinstance.py:3134} INFO - Exporting env vars: AIRFLOW_CTX_DAG_OWNER='data-eng' AIRFLOW_CTX_DAG_ID='pipeline_cripto' AIRFLOW_CTX_TASK_ID='carga_warehouse' AIRFLOW_CTX_EXECUTION_DATE='2026-06-24T02:44:23.717151+00:00' AIRFLOW_CTX_TRY_NUMBER='1' AIRFLOW_CTX_DAG_RUN_ID='manual__2026-06-24T02:44:23.717151+00:00'
[2026-06-24T02:44:32.909+0000] {taskinstance.py:732} INFO - ::endgroup::
[2026-06-24T02:44:32.932+0000] {subprocess.py:78} INFO - Tmp dir root location: /tmp
[2026-06-24T02:44:32.934+0000] {subprocess.py:88} INFO - Running command: ['/usr/bin/bash', '-c', 'python /opt/***/warehouse/load_warehouse.py']
[2026-06-24T02:44:32.950+0000] {subprocess.py:99} INFO - Output:
[2026-06-24T02:44:35.213+0000] {subprocess.py:106} INFO - Lendo a camada silver: s3://silver/cripto/
[2026-06-24T02:44:35.214+0000] {subprocess.py:106} INFO -   -> 50 linhas lidas
[2026-06-24T02:44:35.216+0000] {subprocess.py:106} INFO - Gravando na tabela 'silver_cripto' do warehouse...
[2026-06-24T02:44:35.217+0000] {subprocess.py:106} INFO - Traceback (most recent call last):
[2026-06-24T02:44:35.217+0000] {subprocess.py:106} INFO -   File "/home/***/.local/lib/python3.12/site-packages/sqlalchemy/engine/base.py", line 1910, in _execute_context
[2026-06-24T02:44:35.218+0000] {subprocess.py:106} INFO -     self.dialect.do_execute(
[2026-06-24T02:44:35.219+0000] {subprocess.py:106} INFO -   File "/home/***/.local/lib/python3.12/site-packages/sqlalchemy/engine/default.py", line 736, in do_execute
[2026-06-24T02:44:35.221+0000] {subprocess.py:106} INFO -     cursor.execute(statement, parameters)
[2026-06-24T02:44:35.221+0000] {subprocess.py:106} INFO - psycopg2.errors.DependentObjectsStillExist: cannot drop table silver_cripto because other objects depend on it
[2026-06-24T02:44:35.222+0000] {subprocess.py:106} INFO - DETAIL:  view stg_cripto depends on table silver_cripto
[2026-06-24T02:44:35.223+0000] {subprocess.py:106} INFO - HINT:  Use DROP ... CASCADE to drop the dependent objects too.
[2026-06-24T02:44:35.224+0000] {subprocess.py:106} INFO - 
[2026-06-24T02:44:35.224+0000] {subprocess.py:106} INFO - 
[2026-06-24T02:44:35.225+0000] {subprocess.py:106} INFO - The above exception was the direct cause of the following exception:
[2026-06-24T02:44:35.226+0000] {subprocess.py:106} INFO - 
[2026-06-24T02:44:35.228+0000] {subprocess.py:106} INFO - Traceback (most recent call last):
[2026-06-24T02:44:35.229+0000] {subprocess.py:106} INFO -   File "/opt/***/warehouse/load_warehouse.py", line 48, in <module>
[2026-06-24T02:44:35.232+0000] {subprocess.py:106} INFO -     main()
[2026-06-24T02:44:35.235+0000] {subprocess.py:106} INFO -   File "/opt/***/warehouse/load_warehouse.py", line 43, in main
[2026-06-24T02:44:35.236+0000] {subprocess.py:106} INFO -     df.to_sql(TABELA_DESTINO, engine, schema="public", if_exists="replace", index=False)
[2026-06-24T02:44:35.237+0000] {subprocess.py:106} INFO -   File "/home/***/.local/lib/python3.12/site-packages/pandas/util/_decorators.py", line 333, in wrapper
[2026-06-24T02:44:35.238+0000] {subprocess.py:106} INFO -     return func(*args, **kwargs)
[2026-06-24T02:44:35.239+0000] {subprocess.py:106} INFO -            ^^^^^^^^^^^^^^^^^^^^^
[2026-06-24T02:44:35.240+0000] {subprocess.py:106} INFO -   File "/home/***/.local/lib/python3.12/site-packages/pandas/core/generic.py", line 3008, in to_sql
[2026-06-24T02:44:35.241+0000] {subprocess.py:106} INFO -     return sql.to_sql(
[2026-06-24T02:44:35.242+0000] {subprocess.py:106} INFO -            ^^^^^^^^^^^
[2026-06-24T02:44:35.243+0000] {subprocess.py:106} INFO -   File "/home/***/.local/lib/python3.12/site-packages/pandas/io/sql.py", line 788, in to_sql
[2026-06-24T02:44:35.244+0000] {subprocess.py:106} INFO -     return pandas_sql.to_sql(
[2026-06-24T02:44:35.245+0000] {subprocess.py:106} INFO -            ^^^^^^^^^^^^^^^^^^
[2026-06-24T02:44:35.246+0000] {subprocess.py:106} INFO -   File "/home/***/.local/lib/python3.12/site-packages/pandas/io/sql.py", line 1948, in to_sql
[2026-06-24T02:44:35.247+0000] {subprocess.py:106} INFO -     table = self.prep_table(
[2026-06-24T02:44:35.248+0000] {subprocess.py:106} INFO -             ^^^^^^^^^^^^^^^^
[2026-06-24T02:44:35.249+0000] {subprocess.py:106} INFO -   File "/home/***/.local/lib/python3.12/site-packages/pandas/io/sql.py", line 1852, in prep_table
[2026-06-24T02:44:35.250+0000] {subprocess.py:106} INFO -     table.create()
[2026-06-24T02:44:35.252+0000] {subprocess.py:106} INFO -   File "/home/***/.local/lib/python3.12/site-packages/pandas/io/sql.py", line 929, in create
[2026-06-24T02:44:35.253+0000] {subprocess.py:106} INFO -     self.pd_sql.drop_table(self.name, self.schema)
[2026-06-24T02:44:35.254+0000] {subprocess.py:106} INFO -   File "/home/***/.local/lib/python3.12/site-packages/pandas/io/sql.py", line 2003, in drop_table
[2026-06-24T02:44:35.255+0000] {subprocess.py:106} INFO -     self.get_table(table_name, schema).drop(bind=self.con)
[2026-06-24T02:44:35.257+0000] {subprocess.py:106} INFO -   File "/home/***/.local/lib/python3.12/site-packages/sqlalchemy/sql/schema.py", line 979, in drop
[2026-06-24T02:44:35.258+0000] {subprocess.py:106} INFO -     bind._run_ddl_visitor(ddl.SchemaDropper, self, checkfirst=checkfirst)
[2026-06-24T02:44:35.259+0000] {subprocess.py:106} INFO -   File "/home/***/.local/lib/python3.12/site-packages/sqlalchemy/engine/base.py", line 2221, in _run_ddl_visitor
[2026-06-24T02:44:35.260+0000] {subprocess.py:106} INFO -     visitorcallable(self.dialect, self, **kwargs).traverse_single(element)
[2026-06-24T02:44:35.261+0000] {subprocess.py:106} INFO -   File "/home/***/.local/lib/python3.12/site-packages/sqlalchemy/sql/visitors.py", line 524, in traverse_single
[2026-06-24T02:44:35.262+0000] {subprocess.py:106} INFO -     return meth(obj, **kw)
[2026-06-24T02:44:35.263+0000] {subprocess.py:106} INFO -            ^^^^^^^^^^^^^^^
[2026-06-24T02:44:35.264+0000] {subprocess.py:106} INFO -   File "/home/***/.local/lib/python3.12/site-packages/sqlalchemy/sql/ddl.py", line 1106, in visit_table
[2026-06-24T02:44:35.265+0000] {subprocess.py:106} INFO -     self.connection.execute(DropTable(table))
[2026-06-24T02:44:35.267+0000] {subprocess.py:106} INFO -   File "/home/***/.local/lib/python3.12/site-packages/sqlalchemy/engine/base.py", line 1385, in execute
[2026-06-24T02:44:35.268+0000] {subprocess.py:106} INFO -     return meth(self, multiparams, params, _EMPTY_EXECUTION_OPTS)
[2026-06-24T02:44:35.284+0000] {subprocess.py:106} INFO -            ^^^^^^^^^^^^^^^^^^^^^^^^^^^^^^^^^^^^^^^^^^^^^^^^^^^^^^
[2026-06-24T02:44:35.286+0000] {subprocess.py:106} INFO -   File "/home/***/.local/lib/python3.12/site-packages/sqlalchemy/sql/ddl.py", line 80, in _execute_on_connection
[2026-06-24T02:44:35.286+0000] {subprocess.py:106} INFO -     return connection._execute_ddl(
[2026-06-24T02:44:35.287+0000] {subprocess.py:106} INFO -            ^^^^^^^^^^^^^^^^^^^^^^^^
[2026-06-24T02:44:35.288+0000] {subprocess.py:106} INFO -   File "/home/***/.local/lib/python3.12/site-packages/sqlalchemy/engine/base.py", line 1477, in _execute_ddl
[2026-06-24T02:44:35.289+0000] {subprocess.py:106} INFO -     ret = self._execute_context(
[2026-06-24T02:44:35.290+0000] {subprocess.py:106} INFO -           ^^^^^^^^^^^^^^^^^^^^^^
[2026-06-24T02:44:35.291+0000] {subprocess.py:106} INFO -   File "/home/***/.local/lib/python3.12/site-packages/sqlalchemy/engine/base.py", line 1953, in _execute_context
[2026-06-24T02:44:35.292+0000] {subprocess.py:106} INFO -     self._handle_dbapi_exception(
[2026-06-24T02:44:35.293+0000] {subprocess.py:106} INFO -   File "/home/***/.local/lib/python3.12/site-packages/sqlalchemy/engine/base.py", line 2134, in _handle_dbapi_exception
[2026-06-24T02:44:35.294+0000] {subprocess.py:106} INFO -     util.raise_(
[2026-06-24T02:44:35.295+0000] {subprocess.py:106} INFO -   File "/home/***/.local/lib/python3.12/site-packages/sqlalchemy/util/compat.py", line 211, in raise_
[2026-06-24T02:44:35.296+0000] {subprocess.py:106} INFO -     raise exception
[2026-06-24T02:44:35.297+0000] {subprocess.py:106} INFO -   File "/home/***/.local/lib/python3.12/site-packages/sqlalchemy/engine/base.py", line 1910, in _execute_context
[2026-06-24T02:44:35.298+0000] {subprocess.py:106} INFO -     self.dialect.do_execute(
[2026-06-24T02:44:35.300+0000] {subprocess.py:106} INFO -   File "/home/***/.local/lib/python3.12/site-packages/sqlalchemy/engine/default.py", line 736, in do_execute
[2026-06-24T02:44:35.301+0000] {subprocess.py:106} INFO -     cursor.execute(statement, parameters)
[2026-06-24T02:44:35.302+0000] {subprocess.py:106} INFO - sqlalchemy.exc.InternalError: (psycopg2.errors.DependentObjectsStillExist) cannot drop table silver_cripto because other objects depend on it
[2026-06-24T02:44:35.303+0000] {subprocess.py:106} INFO - DETAIL:  view stg_cripto depends on table silver_cripto
[2026-06-24T02:44:35.305+0000] {subprocess.py:106} INFO - HINT:  Use DROP ... CASCADE to drop the dependent objects too.
[2026-06-24T02:44:35.306+0000] {subprocess.py:106} INFO - 
[2026-06-24T02:44:35.307+0000] {subprocess.py:106} INFO - [SQL:
[2026-06-24T02:44:35.307+0000] {subprocess.py:106} INFO - DROP TABLE public.silver_cripto]
[2026-06-24T02:44:35.308+0000] {subprocess.py:106} INFO - (Background on this error at: https://sqlalche.me/e/14/2j85)
[2026-06-24T02:44:35.501+0000] {subprocess.py:110} INFO - Command exited with return code 1
[2026-06-24T02:44:35.519+0000] {taskinstance.py:3313} ERROR - Task failed with exception
Traceback (most recent call last):
  File "/home/airflow/.local/lib/python3.12/site-packages/airflow/models/taskinstance.py", line 768, in _execute_task
    result = _execute_callable(context=context, **execute_callable_kwargs)
             ^^^^^^^^^^^^^^^^^^^^^^^^^^^^^^^^^^^^^^^^^^^^^^^^^^^^^^^^^^^^^
  File "/home/airflow/.local/lib/python3.12/site-packages/airflow/models/taskinstance.py", line 734, in _execute_callable
    return ExecutionCallableRunner(
           ^^^^^^^^^^^^^^^^^^^^^^^^
  File "/home/airflow/.local/lib/python3.12/site-packages/airflow/utils/operator_helpers.py", line 252, in run
    return self.func(*args, **kwargs)
           ^^^^^^^^^^^^^^^^^^^^^^^^^^
  File "/home/airflow/.local/lib/python3.12/site-packages/airflow/models/baseoperator.py", line 424, in wrapper
    return func(self, *args, **kwargs)
           ^^^^^^^^^^^^^^^^^^^^^^^^^^^
  File "/home/airflow/.local/lib/python3.12/site-packages/airflow/operators/bash.py", line 276, in execute
    raise AirflowException(
airflow.exceptions.AirflowException: Bash command failed. The command returned a non-zero exit code 1.
[2026-06-24T02:44:35.529+0000] {taskinstance.py:1226} INFO - Marking task as UP_FOR_RETRY. dag_id=pipeline_cripto, task_id=carga_warehouse, run_id=manual__2026-06-24T02:44:23.717151+00:00, execution_date=20260624T024423, start_date=20260624T024432, end_date=20260624T024435
[2026-06-24T02:44:35.572+0000] {taskinstance.py:341} INFO - ::group::Post task execution logs
[2026-06-24T02:44:35.573+0000] {standard_task_runner.py:124} ERROR - Failed to execute job 19 for task carga_warehouse (Bash command failed. The command returned a non-zero exit code 1.; 448)
Traceback (most recent call last):
  File "/home/airflow/.local/lib/python3.12/site-packages/airflow/task/task_runner/standard_task_runner.py", line 117, in _start_by_fork
    ret = args.func(args, dag=self.dag)
          ^^^^^^^^^^^^^^^^^^^^^^^^^^^^^
  File "/home/airflow/.local/lib/python3.12/site-packages/airflow/cli/cli_config.py", line 49, in command
    return func(*args, **kwargs)
           ^^^^^^^^^^^^^^^^^^^^^
  File "/home/airflow/.local/lib/python3.12/site-packages/airflow/utils/cli.py", line 116, in wrapper
    return f(*args, **kwargs)
           ^^^^^^^^^^^^^^^^^^
  File "/home/airflow/.local/lib/python3.12/site-packages/airflow/cli/commands/task_command.py", line 483, in task_run
    task_return_code = _run_task_by_selected_method(args, _dag, ti)
                       ^^^^^^^^^^^^^^^^^^^^^^^^^^^^^^^^^^^^^^^^^^^^
  File "/home/airflow/.local/lib/python3.12/site-packages/airflow/cli/commands/task_command.py", line 256, in _run_task_by_selected_method
    return _run_raw_task(args, ti)
           ^^^^^^^^^^^^^^^^^^^^^^^
  File "/home/airflow/.local/lib/python3.12/site-packages/airflow/cli/commands/task_command.py", line 341, in _run_raw_task
    return ti._run_raw_task(
           ^^^^^^^^^^^^^^^^^
  File "/home/airflow/.local/lib/python3.12/site-packages/airflow/utils/session.py", line 97, in wrapper
    return func(*args, session=session, **kwargs)
           ^^^^^^^^^^^^^^^^^^^^^^^^^^^^^^^^^^^^^^
  File "/home/airflow/.local/lib/python3.12/site-packages/airflow/models/taskinstance.py", line 3006, in _run_raw_task
    return _run_raw_task(
           ^^^^^^^^^^^^^^
  File "/home/airflow/.local/lib/python3.12/site-packages/airflow/models/taskinstance.py", line 274, in _run_raw_task
    TaskInstance._execute_task_with_callbacks(
  File "/home/airflow/.local/lib/python3.12/site-packages/airflow/models/taskinstance.py", line 3161, in _execute_task_with_callbacks
    result = self._execute_task(context, task_orig)
             ^^^^^^^^^^^^^^^^^^^^^^^^^^^^^^^^^^^^^^
  File "/home/airflow/.local/lib/python3.12/site-packages/airflow/models/taskinstance.py", line 3185, in _execute_task
    return _execute_task(self, context, task_orig)
           ^^^^^^^^^^^^^^^^^^^^^^^^^^^^^^^^^^^^^^^
  File "/home/airflow/.local/lib/python3.12/site-packages/airflow/models/taskinstance.py", line 768, in _execute_task
    result = _execute_callable(context=context, **execute_callable_kwargs)
             ^^^^^^^^^^^^^^^^^^^^^^^^^^^^^^^^^^^^^^^^^^^^^^^^^^^^^^^^^^^^^
  File "/home/airflow/.local/lib/python3.12/site-packages/airflow/models/taskinstance.py", line 734, in _execute_callable
    return ExecutionCallableRunner(
           ^^^^^^^^^^^^^^^^^^^^^^^^
  File "/home/airflow/.local/lib/python3.12/site-packages/airflow/utils/operator_helpers.py", line 252, in run
    return self.func(*args, **kwargs)
           ^^^^^^^^^^^^^^^^^^^^^^^^^^
  File "/home/airflow/.local/lib/python3.12/site-packages/airflow/models/baseoperator.py", line 424, in wrapper
    return func(self, *args, **kwargs)
           ^^^^^^^^^^^^^^^^^^^^^^^^^^^
  File "/home/airflow/.local/lib/python3.12/site-packages/airflow/operators/bash.py", line 276, in execute
    raise AirflowException(
airflow.exceptions.AirflowException: Bash command failed. The command returned a non-zero exit code 1.
[2026-06-24T02:44:35.607+0000] {local_task_job_runner.py:266} INFO - Task exited with return code 1
[2026-06-24T02:44:35.636+0000] {taskinstance.py:3901} INFO - 0 downstream tasks scheduled from follow-on schedule check
[2026-06-24T02:44:35.639+0000] {local_task_job_runner.py:245} INFO - ::endgroup::
