[2026-06-24T02:51:12.790+0000] {local_task_job_runner.py:123} INFO - ::group::Pre task execution logs
[2026-06-24T02:51:12.818+0000] {taskinstance.py:2614} INFO - Dependencies all met for dep_context=non-requeueable deps ti=<TaskInstance: pipeline_cripto.carga_warehouse manual__2026-06-24T02:51:05.328859+00:00 [queued]>
[2026-06-24T02:51:12.830+0000] {taskinstance.py:2614} INFO - Dependencies all met for dep_context=requeueable deps ti=<TaskInstance: pipeline_cripto.carga_warehouse manual__2026-06-24T02:51:05.328859+00:00 [queued]>
[2026-06-24T02:51:12.831+0000] {taskinstance.py:2867} INFO - Starting attempt 1 of 2
[2026-06-24T02:51:12.845+0000] {taskinstance.py:2890} INFO - Executing <Task(BashOperator): carga_warehouse> on 2026-06-24 02:51:05.328859+00:00
[2026-06-24T02:51:12.855+0000] {standard_task_runner.py:104} INFO - Running: ['***', 'tasks', 'run', 'pipeline_cripto', 'carga_warehouse', 'manual__2026-06-24T02:51:05.328859+00:00', '--job-id', '23', '--raw', '--subdir', 'DAGS_FOLDER/pipeline_cripto.py', '--cfg-path', '/tmp/tmpcy3sf0nc']
[2026-06-24T02:51:12.858+0000] {standard_task_runner.py:105} INFO - Job 23: Subtask carga_warehouse
[2026-06-24T02:51:12.858+0000] {logging_mixin.py:190} WARNING - /home/***/.local/lib/python3.12/site-packages/***/task/task_runner/standard_task_runner.py:70 DeprecationWarning: This process (pid=672) is multi-threaded, use of fork() may lead to deadlocks in the child.
[2026-06-24T02:51:12.860+0000] {standard_task_runner.py:72} INFO - Started process 673 to run task
[2026-06-24T02:51:12.927+0000] {task_command.py:467} INFO - Running <TaskInstance: pipeline_cripto.carga_warehouse manual__2026-06-24T02:51:05.328859+00:00 [running]> on host 98598316bb81
[2026-06-24T02:51:13.028+0000] {taskinstance.py:3134} INFO - Exporting env vars: AIRFLOW_CTX_DAG_OWNER='data-eng' AIRFLOW_CTX_DAG_ID='pipeline_cripto' AIRFLOW_CTX_TASK_ID='carga_warehouse' AIRFLOW_CTX_EXECUTION_DATE='2026-06-24T02:51:05.328859+00:00' AIRFLOW_CTX_TRY_NUMBER='1' AIRFLOW_CTX_DAG_RUN_ID='manual__2026-06-24T02:51:05.328859+00:00'
[2026-06-24T02:51:13.029+0000] {taskinstance.py:732} INFO - ::endgroup::
[2026-06-24T02:51:13.046+0000] {subprocess.py:78} INFO - Tmp dir root location: /tmp
[2026-06-24T02:51:13.048+0000] {subprocess.py:88} INFO - Running command: ['/usr/bin/bash', '-c', 'python /opt/***/warehouse/load_warehouse.py']
[2026-06-24T02:51:13.061+0000] {subprocess.py:99} INFO - Output:
[2026-06-24T02:51:14.893+0000] {subprocess.py:106} INFO - Lendo a camada silver: s3://silver/cripto/
[2026-06-24T02:51:14.894+0000] {subprocess.py:106} INFO -   -> 50 linhas lidas
[2026-06-24T02:51:14.898+0000] {subprocess.py:106} INFO - Gravando na tabela 'silver_cripto' do warehouse...
[2026-06-24T02:51:14.899+0000] {subprocess.py:106} INFO -   -> 50 linhas gravadas no PostgreSQL com sucesso (modo: append)
[2026-06-24T02:51:15.129+0000] {subprocess.py:110} INFO - Command exited with return code 0
[2026-06-24T02:51:15.164+0000] {taskinstance.py:341} INFO - ::group::Post task execution logs
[2026-06-24T02:51:15.166+0000] {taskinstance.py:353} INFO - Marking task as SUCCESS. dag_id=pipeline_cripto, task_id=carga_warehouse, run_id=manual__2026-06-24T02:51:05.328859+00:00, execution_date=20260624T025105, start_date=20260624T025112, end_date=20260624T025115
[2026-06-24T02:51:15.244+0000] {local_task_job_runner.py:266} INFO - Task exited with return code 0
[2026-06-24T02:51:15.273+0000] {taskinstance.py:3901} INFO - 1 downstream tasks scheduled from follow-on schedule check
[2026-06-24T02:51:15.276+0000] {local_task_job_runner.py:245} INFO - ::endgroup::
