[2026-06-24T02:44:24.806+0000] {local_task_job_runner.py:123} INFO - ::group::Pre task execution logs
[2026-06-24T02:44:24.842+0000] {taskinstance.py:2614} INFO - Dependencies all met for dep_context=non-requeueable deps ti=<TaskInstance: pipeline_cripto.ingestao_bronze manual__2026-06-24T02:44:23.717151+00:00 [queued]>
[2026-06-24T02:44:24.861+0000] {taskinstance.py:2614} INFO - Dependencies all met for dep_context=requeueable deps ti=<TaskInstance: pipeline_cripto.ingestao_bronze manual__2026-06-24T02:44:23.717151+00:00 [queued]>
[2026-06-24T02:44:24.864+0000] {taskinstance.py:2867} INFO - Starting attempt 1 of 2
[2026-06-24T02:44:24.903+0000] {taskinstance.py:2890} INFO - Executing <Task(BashOperator): ingestao_bronze> on 2026-06-24 02:44:23.717151+00:00
[2026-06-24T02:44:24.916+0000] {standard_task_runner.py:104} INFO - Running: ['***', 'tasks', 'run', 'pipeline_cripto', 'ingestao_bronze', 'manual__2026-06-24T02:44:23.717151+00:00', '--job-id', '17', '--raw', '--subdir', 'DAGS_FOLDER/pipeline_cripto.py', '--cfg-path', '/tmp/tmp3lr9su7g']
[2026-06-24T02:44:24.920+0000] {standard_task_runner.py:105} INFO - Job 17: Subtask ingestao_bronze
[2026-06-24T02:44:24.932+0000] {logging_mixin.py:190} WARNING - /home/***/.local/lib/python3.12/site-packages/***/task/task_runner/standard_task_runner.py:70 DeprecationWarning: This process (pid=415) is multi-threaded, use of fork() may lead to deadlocks in the child.
[2026-06-24T02:44:24.934+0000] {standard_task_runner.py:72} INFO - Started process 416 to run task
[2026-06-24T02:44:25.047+0000] {task_command.py:467} INFO - Running <TaskInstance: pipeline_cripto.ingestao_bronze manual__2026-06-24T02:44:23.717151+00:00 [running]> on host 98598316bb81
[2026-06-24T02:44:25.169+0000] {taskinstance.py:3134} INFO - Exporting env vars: AIRFLOW_CTX_DAG_OWNER='data-eng' AIRFLOW_CTX_DAG_ID='pipeline_cripto' AIRFLOW_CTX_TASK_ID='ingestao_bronze' AIRFLOW_CTX_EXECUTION_DATE='2026-06-24T02:44:23.717151+00:00' AIRFLOW_CTX_TRY_NUMBER='1' AIRFLOW_CTX_DAG_RUN_ID='manual__2026-06-24T02:44:23.717151+00:00'
[2026-06-24T02:44:25.172+0000] {taskinstance.py:732} INFO - ::endgroup::
[2026-06-24T02:44:25.195+0000] {subprocess.py:78} INFO - Tmp dir root location: /tmp
[2026-06-24T02:44:25.199+0000] {subprocess.py:88} INFO - Running command: ['/usr/bin/bash', '-c', 'python /opt/***/ingestion/ingest_bronze.py']
[2026-06-24T02:44:25.216+0000] {subprocess.py:99} INFO - Output:
[2026-06-24T02:44:26.660+0000] {subprocess.py:106} INFO - /opt/***/ingestion/ingest_bronze.py:42: DeprecationWarning: datetime.datetime.utcnow() is deprecated and scheduled for removal in a future version. Use timezone-aware objects to represent datetimes in UTC: datetime.datetime.now(datetime.UTC).
[2026-06-24T02:44:26.662+0000] {subprocess.py:106} INFO -   hoje = datetime.utcnow().strftime("%Y-%m-%d")
[2026-06-24T02:44:27.459+0000] {subprocess.py:106} INFO - Chamando a API da CoinGecko...
[2026-06-24T02:44:27.461+0000] {subprocess.py:106} INFO -   -> 50 registros recebidos
[2026-06-24T02:44:27.463+0000] {subprocess.py:106} INFO - Gravando na camada bronze: s3://bronze/cripto/data=2026-06-24/dados.parquet
[2026-06-24T02:44:27.464+0000] {subprocess.py:106} INFO -   -> 50 linhas gravadas com sucesso
[2026-06-24T02:44:27.702+0000] {subprocess.py:110} INFO - Command exited with return code 0
[2026-06-24T02:44:27.739+0000] {taskinstance.py:341} INFO - ::group::Post task execution logs
[2026-06-24T02:44:27.741+0000] {taskinstance.py:353} INFO - Marking task as SUCCESS. dag_id=pipeline_cripto, task_id=ingestao_bronze, run_id=manual__2026-06-24T02:44:23.717151+00:00, execution_date=20260624T024423, start_date=20260624T024424, end_date=20260624T024427
[2026-06-24T02:44:27.813+0000] {local_task_job_runner.py:266} INFO - Task exited with return code 0
[2026-06-24T02:44:27.851+0000] {taskinstance.py:3901} INFO - 1 downstream tasks scheduled from follow-on schedule check
[2026-06-24T02:44:27.854+0000] {local_task_job_runner.py:245} INFO - ::endgroup::
