[2026-06-24T00:11:48.557+0000] {manager.py:483} INFO - Processing files using up to 2 processes at a time 
[2026-06-24T00:11:48.559+0000] {manager.py:484} INFO - Process each file at most once every 30 seconds
[2026-06-24T00:11:48.560+0000] {manager.py:485} INFO - Checking for new files in /opt/airflow/dags every 300 seconds
[2026-06-24T00:11:48.561+0000] {manager.py:821} INFO - Searching for files in /opt/airflow/dags
[2026-06-24T00:11:48.567+0000] {manager.py:824} INFO - There are 0 files in /opt/airflow/dags
[2026-06-24T00:14:21.491+0000] {manager.py:465} INFO - Exiting gracefully upon receiving signal 15
[2026-06-24T00:15:12.578+0000] {manager.py:483} INFO - Processing files using up to 2 processes at a time 
[2026-06-24T00:15:12.580+0000] {manager.py:484} INFO - Process each file at most once every 30 seconds
[2026-06-24T00:15:12.582+0000] {manager.py:485} INFO - Checking for new files in /opt/airflow/dags every 300 seconds
[2026-06-24T00:15:12.585+0000] {manager.py:821} INFO - Searching for files in /opt/airflow/dags
[2026-06-24T00:15:12.592+0000] {manager.py:824} INFO - There are 0 files in /opt/airflow/dags
[2026-06-24T00:20:13.087+0000] {manager.py:821} INFO - Searching for files in /opt/airflow/dags
[2026-06-24T00:20:13.091+0000] {manager.py:824} INFO - There are 0 files in /opt/airflow/dags
[2026-06-24T00:25:13.506+0000] {manager.py:821} INFO - Searching for files in /opt/airflow/dags
[2026-06-24T00:25:13.510+0000] {manager.py:824} INFO - There are 0 files in /opt/airflow/dags
[2026-06-24T00:30:13.833+0000] {manager.py:821} INFO - Searching for files in /opt/airflow/dags
[2026-06-24T00:30:13.836+0000] {manager.py:824} INFO - There are 0 files in /opt/airflow/dags
[2026-06-24T00:35:14.205+0000] {manager.py:821} INFO - Searching for files in /opt/airflow/dags
[2026-06-24T00:35:14.209+0000] {manager.py:824} INFO - There are 0 files in /opt/airflow/dags
[2026-06-24T00:40:14.565+0000] {manager.py:821} INFO - Searching for files in /opt/airflow/dags
[2026-06-24T00:40:14.569+0000] {manager.py:824} INFO - There are 0 files in /opt/airflow/dags
[2026-06-24T00:45:14.969+0000] {manager.py:821} INFO - Searching for files in /opt/airflow/dags
[2026-06-24T00:45:14.975+0000] {manager.py:824} INFO - There are 0 files in /opt/airflow/dags
[2026-06-24T00:50:15.507+0000] {manager.py:821} INFO - Searching for files in /opt/airflow/dags
[2026-06-24T00:50:15.532+0000] {manager.py:824} INFO - There are 0 files in /opt/airflow/dags
[2026-06-24T00:55:15.968+0000] {manager.py:821} INFO - Searching for files in /opt/airflow/dags
[2026-06-24T00:55:15.973+0000] {manager.py:824} INFO - There are 0 files in /opt/airflow/dags
[2026-06-24T01:01:12.841+0000] {manager.py:483} INFO - Processing files using up to 2 processes at a time 
[2026-06-24T01:01:12.843+0000] {manager.py:484} INFO - Process each file at most once every 30 seconds
[2026-06-24T01:01:12.844+0000] {manager.py:485} INFO - Checking for new files in /opt/airflow/dags every 300 seconds
[2026-06-24T01:01:12.846+0000] {manager.py:821} INFO - Searching for files in /opt/airflow/dags
[2026-06-24T01:01:12.851+0000] {manager.py:824} INFO - There are 0 files in /opt/airflow/dags
[2026-06-24T01:06:13.504+0000] {manager.py:821} INFO - Searching for files in /opt/airflow/dags
[2026-06-24T01:06:13.509+0000] {manager.py:824} INFO - There are 0 files in /opt/airflow/dags
[2026-06-24T01:11:13.974+0000] {manager.py:821} INFO - Searching for files in /opt/airflow/dags
[2026-06-24T01:11:13.981+0000] {manager.py:824} INFO - There are 0 files in /opt/airflow/dags
