[2026-06-24T02:51:09.138+0000] {local_task_job_runner.py:123} INFO - ::group::Pre task execution logs
[2026-06-24T02:51:09.166+0000] {taskinstance.py:2614} INFO - Dependencies all met for dep_context=non-requeueable deps ti=<TaskInstance: pipeline_cripto.transformacao_silver manual__2026-06-24T02:51:05.328859+00:00 [queued]>
[2026-06-24T02:51:09.179+0000] {taskinstance.py:2614} INFO - Dependencies all met for dep_context=requeueable deps ti=<TaskInstance: pipeline_cripto.transformacao_silver manual__2026-06-24T02:51:05.328859+00:00 [queued]>
[2026-06-24T02:51:09.180+0000] {taskinstance.py:2867} INFO - Starting attempt 1 of 2
[2026-06-24T02:51:09.195+0000] {taskinstance.py:2890} INFO - Executing <Task(BashOperator): transformacao_silver> on 2026-06-24 02:51:05.328859+00:00
[2026-06-24T02:51:09.205+0000] {standard_task_runner.py:104} INFO - Running: ['***', 'tasks', 'run', 'pipeline_cripto', 'transformacao_silver', 'manual__2026-06-24T02:51:05.328859+00:00', '--job-id', '22', '--raw', '--subdir', 'DAGS_FOLDER/pipeline_cripto.py', '--cfg-path', '/tmp/tmplhojfqdo']
[2026-06-24T02:51:09.208+0000] {standard_task_runner.py:105} INFO - Job 22: Subtask transformacao_silver
[2026-06-24T02:51:09.210+0000] {logging_mixin.py:190} WARNING - /home/***/.local/lib/python3.12/site-packages/***/task/task_runner/standard_task_runner.py:70 DeprecationWarning: This process (pid=645) is multi-threaded, use of fork() may lead to deadlocks in the child.
[2026-06-24T02:51:09.211+0000] {standard_task_runner.py:72} INFO - Started process 646 to run task
[2026-06-24T02:51:09.280+0000] {task_command.py:467} INFO - Running <TaskInstance: pipeline_cripto.transformacao_silver manual__2026-06-24T02:51:05.328859+00:00 [running]> on host 98598316bb81
[2026-06-24T02:51:09.379+0000] {taskinstance.py:3134} INFO - Exporting env vars: AIRFLOW_CTX_DAG_OWNER='data-eng' AIRFLOW_CTX_DAG_ID='pipeline_cripto' AIRFLOW_CTX_TASK_ID='transformacao_silver' AIRFLOW_CTX_EXECUTION_DATE='2026-06-24T02:51:05.328859+00:00' AIRFLOW_CTX_TRY_NUMBER='1' AIRFLOW_CTX_DAG_RUN_ID='manual__2026-06-24T02:51:05.328859+00:00'
[2026-06-24T02:51:09.380+0000] {taskinstance.py:732} INFO - ::endgroup::
[2026-06-24T02:51:09.398+0000] {subprocess.py:78} INFO - Tmp dir root location: /tmp
[2026-06-24T02:51:09.400+0000] {subprocess.py:88} INFO - Running command: ['/usr/bin/bash', '-c', 'python /opt/***/spark/transform_silver.py']
[2026-06-24T02:51:09.415+0000] {subprocess.py:99} INFO - Output:
[2026-06-24T02:51:11.113+0000] {subprocess.py:106} INFO - /opt/***/spark/transform_silver.py:62: DeprecationWarning: datetime.datetime.utcnow() is deprecated and scheduled for removal in a future version. Use timezone-aware objects to represent datetimes in UTC: datetime.datetime.now(datetime.UTC).
[2026-06-24T02:51:11.114+0000] {subprocess.py:106} INFO -   df["data_processamento"] = datetime.utcnow()
[2026-06-24T02:51:11.115+0000] {subprocess.py:106} INFO - /opt/***/spark/transform_silver.py:66: DeprecationWarning: datetime.datetime.utcnow() is deprecated and scheduled for removal in a future version. Use timezone-aware objects to represent datetimes in UTC: datetime.datetime.now(datetime.UTC).
[2026-06-24T02:51:11.116+0000] {subprocess.py:106} INFO -   hoje = datetime.utcnow().strftime("%Y-%m-%d")
[2026-06-24T02:51:11.133+0000] {subprocess.py:106} INFO - Lendo dados da camada bronze: s3://bronze/cripto/
[2026-06-24T02:51:11.134+0000] {subprocess.py:106} INFO -   -> 50 linhas lidas
[2026-06-24T02:51:11.135+0000] {subprocess.py:106} INFO -   -> coluna aninhada achatada: roi
[2026-06-24T02:51:11.135+0000] {subprocess.py:106} INFO -   -> 0 duplicatas removidas
[2026-06-24T02:51:11.137+0000] {subprocess.py:106} INFO - Gravando na camada silver: s3://silver/cripto/data=2026-06-24/dados.parquet
[2026-06-24T02:51:11.138+0000] {subprocess.py:106} INFO -   -> 50 linhas gravadas com sucesso
[2026-06-24T02:51:11.311+0000] {subprocess.py:110} INFO - Command exited with return code 0
[2026-06-24T02:51:11.347+0000] {taskinstance.py:341} INFO - ::group::Post task execution logs
[2026-06-24T02:51:11.348+0000] {taskinstance.py:353} INFO - Marking task as SUCCESS. dag_id=pipeline_cripto, task_id=transformacao_silver, run_id=manual__2026-06-24T02:51:05.328859+00:00, execution_date=20260624T025105, start_date=20260624T025109, end_date=20260624T025111
[2026-06-24T02:51:11.395+0000] {local_task_job_runner.py:266} INFO - Task exited with return code 0
[2026-06-24T02:51:11.427+0000] {taskinstance.py:3901} INFO - 1 downstream tasks scheduled from follow-on schedule check
[2026-06-24T02:51:11.430+0000] {local_task_job_runner.py:245} INFO - ::endgroup::
